<?xml version="1.0" encoding="UTF-8"?>
<coverage generated="1570907300005" clover="3.2.0">
  <project timestamp="1570907300005" name="All files">
    <metrics statements="95" coveredstatements="90" conditionals="45" coveredconditionals="39" methods="26" coveredmethods="25" elements="166" coveredelements="154" complexity="0" loc="95" ncloc="95" packages="1" files="4" classes="4"/>
    <file name="config.js" path="/Users/tyler/Projects/rea/toy-robot/app/config.js">
      <metrics statements="15" coveredstatements="15" conditionals="0" coveredconditionals="0" methods="10" coveredmethods="10"/>
      <line num="8" count="3" type="stmt"/>
      <line num="10" count="3" type="stmt"/>
      <line num="16" count="3" type="stmt"/>
      <line num="25" count="3" type="stmt"/>
      <line num="27" count="2" type="stmt"/>
      <line num="44" count="2" type="stmt"/>
      <line num="47" count="4" type="stmt"/>
      <line num="52" count="8" type="stmt"/>
      <line num="55" count="6" type="stmt"/>
      <line num="58" count="2" type="stmt"/>
      <line num="63" count="2" type="stmt"/>
      <line num="66" count="4" type="stmt"/>
      <line num="69" count="4" type="stmt"/>
      <line num="72" count="13" type="stmt"/>
      <line num="76" count="3" type="stmt"/>
    </file>
    <file name="messenger.js" path="/Users/tyler/Projects/rea/toy-robot/app/messenger.js">
      <metrics statements="7" coveredstatements="7" conditionals="3" coveredconditionals="3" methods="2" coveredmethods="2"/>
      <line num="8" count="2" type="stmt"/>
      <line num="9" count="2" type="stmt"/>
      <line num="19" count="41" type="cond" truecount="2" falsecount="0"/>
      <line num="20" count="1" type="stmt"/>
      <line num="22" count="1" type="stmt"/>
      <line num="28" count="40" type="stmt"/>
      <line num="35" count="2" type="stmt"/>
    </file>
    <file name="robot.js" path="/Users/tyler/Projects/rea/toy-robot/app/robot.js">
      <metrics statements="59" coveredstatements="54" conditionals="36" coveredconditionals="30" methods="9" coveredmethods="8"/>
      <line num="1" count="1" type="stmt"/>
      <line num="13" count="1" type="stmt"/>
      <line num="14" count="13" type="stmt"/>
      <line num="15" count="13" type="stmt"/>
      <line num="16" count="13" type="stmt"/>
      <line num="17" count="13" type="stmt"/>
      <line num="18" count="13" type="stmt"/>
      <line num="19" count="13" type="stmt"/>
      <line num="26" count="13" type="stmt"/>
      <line num="27" count="37" type="cond" truecount="2" falsecount="0"/>
      <line num="28" count="1" type="stmt"/>
      <line num="31" count="36" type="stmt"/>
      <line num="42" count="13" type="stmt"/>
      <line num="44" count="0" type="stmt"/>
      <line num="48" count="13" type="stmt"/>
      <line num="49" count="13" type="stmt"/>
      <line num="50" count="13" type="cond" truecount="2" falsecount="0"/>
      <line num="51" count="9" type="stmt"/>
      <line num="53" count="13" type="stmt"/>
      <line num="57" count="13" type="cond" truecount="2" falsecount="0"/>
      <line num="58" count="13" type="cond" truecount="2" falsecount="0"/>
      <line num="59" count="13" type="cond" truecount="4" falsecount="0"/>
      <line num="60" count="2" type="stmt"/>
      <line num="63" count="11" type="cond" truecount="2" falsecount="0"/>
      <line num="67" count="1" type="stmt"/>
      <line num="70" count="10" type="cond" truecount="2" falsecount="0"/>
      <line num="71" count="1" type="stmt"/>
      <line num="74" count="9" type="stmt"/>
      <line num="75" count="9" type="stmt"/>
      <line num="76" count="9" type="stmt"/>
      <line num="80" count="2" type="cond" truecount="2" falsecount="0"/>
      <line num="81" count="1" type="stmt"/>
      <line num="84" count="1" type="stmt"/>
      <line num="92" count="6" type="cond" truecount="2" falsecount="0"/>
      <line num="93" count="1" type="stmt"/>
      <line num="96" count="5" type="stmt"/>
      <line num="97" count="5" type="stmt"/>
      <line num="98" count="5" type="cond" truecount="4" falsecount="0"/>
      <line num="100" count="1" type="stmt"/>
      <line num="101" count="1" type="stmt"/>
      <line num="103" count="2" type="stmt"/>
      <line num="104" count="2" type="stmt"/>
      <line num="106" count="1" type="stmt"/>
      <line num="107" count="1" type="stmt"/>
      <line num="109" count="1" type="stmt"/>
      <line num="110" count="1" type="stmt"/>
      <line num="113" count="5" type="cond" truecount="2" falsecount="0"/>
      <line num="114" count="1" type="stmt"/>
      <line num="117" count="4" type="stmt"/>
      <line num="118" count="4" type="stmt"/>
      <line num="122" count="1" type="cond" truecount="1" falsecount="1"/>
      <line num="123" count="1" type="stmt"/>
      <line num="126" count="0" type="cond" truecount="0" falsecount="2"/>
      <line num="127" count="0" type="stmt"/>
      <line num="131" count="1" type="cond" truecount="1" falsecount="1"/>
      <line num="132" count="1" type="stmt"/>
      <line num="135" count="0" type="cond" truecount="0" falsecount="2"/>
      <line num="136" count="0" type="stmt"/>
      <line num="141" count="1" type="stmt"/>
    </file>
    <file name="validator.js" path="/Users/tyler/Projects/rea/toy-robot/app/validator.js">
      <metrics statements="14" coveredstatements="14" conditionals="6" coveredconditionals="6" methods="5" coveredmethods="5"/>
      <line num="3" count="2" type="stmt"/>
      <line num="5" count="2" type="stmt"/>
      <line num="6" count="2" type="stmt"/>
      <line num="7" count="2" type="stmt"/>
      <line num="8" count="2" type="stmt"/>
      <line num="9" count="2" type="stmt"/>
      <line num="19" count="25" type="cond" truecount="2" falsecount="0"/>
      <line num="25" count="17" type="stmt"/>
      <line num="27" count="8" type="stmt"/>
      <line num="36" count="14" type="stmt"/>
      <line num="37" count="14" type="stmt"/>
      <line num="46" count="27" type="stmt"/>
      <line num="55" count="12" type="stmt"/>
      <line num="59" count="2" type="stmt"/>
    </file>
  </project>
</coverage>
