{"/Users/tyler/Projects/rea/toy-robot/app/config.js": {"path":"/Users/tyler/Projects/rea/toy-robot/app/config.js","statementMap":{"0":{"start":{"line":8,"column":11},"end":{"line":8,"column":24}},"1":{"start":{"line":10,"column":15},"end":{"line":10,"column":17}},"2":{"start":{"line":16,"column":0},"end":{"line":23,"column":2}},"3":{"start":{"line":25,"column":0},"end":{"line":74,"column":2}},"4":{"start":{"line":27,"column":2},"end":{"line":41,"column":25}},"5":{"start":{"line":44,"column":2},"end":{"line":44,"column":41}},"6":{"start":{"line":47,"column":2},"end":{"line":49,"column":49}},"7":{"start":{"line":52,"column":2},"end":{"line":52,"column":68}},"8":{"start":{"line":55,"column":2},"end":{"line":55,"column":95}},"9":{"start":{"line":58,"column":2},"end":{"line":60,"column":7}},"10":{"start":{"line":63,"column":2},"end":{"line":63,"column":68}},"11":{"start":{"line":66,"column":2},"end":{"line":66,"column":73}},"12":{"start":{"line":69,"column":2},"end":{"line":69,"column":73}},"13":{"start":{"line":72,"column":2},"end":{"line":72,"column":23}},"14":{"start":{"line":76,"column":0},"end":{"line":76,"column":24}}},"fnMap":{"0":{"name":"(anonymous_0)","decl":{"start":{"line":26,"column":7},"end":{"line":26,"column":8}},"loc":{"start":{"line":26,"column":13},"end":{"line":42,"column":2}},"line":26},"1":{"name":"(anonymous_1)","decl":{"start":{"line":43,"column":11},"end":{"line":43,"column":12}},"loc":{"start":{"line":43,"column":20},"end":{"line":45,"column":2}},"line":43},"2":{"name":"(anonymous_2)","decl":{"start":{"line":46,"column":10},"end":{"line":46,"column":11}},"loc":{"start":{"line":46,"column":16},"end":{"line":50,"column":2}},"line":46},"3":{"name":"(anonymous_3)","decl":{"start":{"line":51,"column":20},"end":{"line":51,"column":21}},"loc":{"start":{"line":51,"column":26},"end":{"line":53,"column":2}},"line":51},"4":{"name":"(anonymous_4)","decl":{"start":{"line":54,"column":20},"end":{"line":54,"column":21}},"loc":{"start":{"line":54,"column":34},"end":{"line":56,"column":2}},"line":54},"5":{"name":"(anonymous_5)","decl":{"start":{"line":57,"column":19},"end":{"line":57,"column":20}},"loc":{"start":{"line":57,"column":30},"end":{"line":61,"column":2}},"line":57},"6":{"name":"(anonymous_6)","decl":{"start":{"line":62,"column":17},"end":{"line":62,"column":18}},"loc":{"start":{"line":62,"column":26},"end":{"line":64,"column":2}},"line":62},"7":{"name":"(anonymous_7)","decl":{"start":{"line":65,"column":13},"end":{"line":65,"column":14}},"loc":{"start":{"line":65,"column":19},"end":{"line":67,"column":2}},"line":65},"8":{"name":"(anonymous_8)","decl":{"start":{"line":68,"column":9},"end":{"line":68,"column":10}},"loc":{"start":{"line":68,"column":22},"end":{"line":70,"column":2}},"line":68},"9":{"name":"(anonymous_9)","decl":{"start":{"line":71,"column":10},"end":{"line":71,"column":11}},"loc":{"start":{"line":71,"column":16},"end":{"line":73,"column":2}},"line":71}},"branchMap":{},"s":{"0":3,"1":3,"2":3,"3":3,"4":2,"5":2,"6":4,"7":8,"8":6,"9":2,"10":2,"11":4,"12":4,"13":13,"14":3},"f":{"0":2,"1":2,"2":4,"3":8,"4":6,"5":2,"6":2,"7":4,"8":4,"9":13},"b":{},"_coverageSchema":"43e27e138ebf9cfc5966b082cf9a028302ed4184","hash":"8086823ac800013ab3b0c021e3ddccb9935ab601"}
,"/Users/tyler/Projects/rea/toy-robot/app/messenger.js": {"path":"/Users/tyler/Projects/rea/toy-robot/app/messenger.js","statementMap":{"0":{"start":{"line":8,"column":2},"end":{"line":8,"column":25}},"1":{"start":{"line":9,"column":2},"end":{"line":9,"column":32}},"2":{"start":{"line":19,"column":2},"end":{"line":26,"column":3}},"3":{"start":{"line":20,"column":3},"end":{"line":20,"column":26}},"4":{"start":{"line":22,"column":3},"end":{"line":25,"column":5}},"5":{"start":{"line":28,"column":2},"end":{"line":31,"column":4}},"6":{"start":{"line":35,"column":0},"end":{"line":35,"column":27}}},"fnMap":{"0":{"name":"(anonymous_0)","decl":{"start":{"line":7,"column":1},"end":{"line":7,"column":2}},"loc":{"start":{"line":7,"column":22},"end":{"line":10,"column":2}},"line":7},"1":{"name":"(anonymous_1)","decl":{"start":{"line":18,"column":1},"end":{"line":18,"column":2}},"loc":{"start":{"line":18,"column":29},"end":{"line":32,"column":2}},"line":18}},"branchMap":{"0":{"loc":{"start":{"line":18,"column":12},"end":{"line":18,"column":27}},"type":"default-arg","locations":[{"start":{"line":18,"column":18},"end":{"line":18,"column":27}}],"line":18},"1":{"loc":{"start":{"line":19,"column":2},"end":{"line":26,"column":3}},"type":"if","locations":[{"start":{"line":19,"column":2},"end":{"line":26,"column":3}},{"start":{"line":19,"column":2},"end":{"line":26,"column":3}}],"line":19}},"s":{"0":2,"1":2,"2":41,"3":1,"4":1,"5":40,"6":2},"f":{"0":2,"1":41},"b":{"0":[1],"1":[1,40]},"_coverageSchema":"43e27e138ebf9cfc5966b082cf9a028302ed4184","hash":"41d2f37cf249f05caa38530d97c8ddeeb03618c4"}
,"/Users/tyler/Projects/rea/toy-robot/app/robot.js": {"path":"/Users/tyler/Projects/rea/toy-robot/app/robot.js","statementMap":{"0":{"start":{"line":1,"column":15},"end":{"line":1,"column":34}},"1":{"start":{"line":13,"column":14},"end":{"line":139,"column":1}},"2":{"start":{"line":14,"column":1},"end":{"line":14,"column":15}},"3":{"start":{"line":15,"column":1},"end":{"line":15,"column":15}},"4":{"start":{"line":16,"column":1},"end":{"line":16,"column":15}},"5":{"start":{"line":17,"column":1},"end":{"line":17,"column":28}},"6":{"start":{"line":18,"column":1},"end":{"line":18,"column":28}},"7":{"start":{"line":19,"column":1},"end":{"line":19,"column":28}},"8":{"start":{"line":26,"column":1},"end":{"line":35,"column":3}},"9":{"start":{"line":27,"column":2},"end":{"line":29,"column":3}},"10":{"start":{"line":28,"column":3},"end":{"line":28,"column":59}},"11":{"start":{"line":31,"column":2},"end":{"line":34,"column":4}},"12":{"start":{"line":42,"column":17},"end":{"line":138,"column":2}},"13":{"start":{"line":44,"column":3},"end":{"line":44,"column":44}},"14":{"start":{"line":48,"column":3},"end":{"line":48,"column":14}},"15":{"start":{"line":49,"column":3},"end":{"line":49,"column":14}},"16":{"start":{"line":50,"column":3},"end":{"line":52,"column":4}},"17":{"start":{"line":51,"column":4},"end":{"line":51,"column":65}},"18":{"start":{"line":53,"column":3},"end":{"line":53,"column":15}},"19":{"start":{"line":57,"column":3},"end":{"line":57,"column":24}},"20":{"start":{"line":58,"column":3},"end":{"line":58,"column":24}},"21":{"start":{"line":59,"column":3},"end":{"line":61,"column":4}},"22":{"start":{"line":60,"column":4},"end":{"line":60,"column":64}},"23":{"start":{"line":63,"column":3},"end":{"line":68,"column":4}},"24":{"start":{"line":67,"column":4},"end":{"line":67,"column":57}},"25":{"start":{"line":70,"column":3},"end":{"line":72,"column":4}},"26":{"start":{"line":71,"column":4},"end":{"line":71,"column":51}},"27":{"start":{"line":74,"column":3},"end":{"line":74,"column":30}},"28":{"start":{"line":75,"column":3},"end":{"line":75,"column":29}},"29":{"start":{"line":76,"column":3},"end":{"line":76,"column":47}},"30":{"start":{"line":80,"column":3},"end":{"line":82,"column":4}},"31":{"start":{"line":81,"column":4},"end":{"line":81,"column":58}},"32":{"start":{"line":84,"column":3},"end":{"line":84,"column":70}},"33":{"start":{"line":92,"column":3},"end":{"line":94,"column":4}},"34":{"start":{"line":93,"column":4},"end":{"line":93,"column":58}},"35":{"start":{"line":96,"column":11},"end":{"line":96,"column":17}},"36":{"start":{"line":97,"column":11},"end":{"line":97,"column":17}},"37":{"start":{"line":98,"column":3},"end":{"line":111,"column":4}},"38":{"start":{"line":100,"column":5},"end":{"line":100,"column":9}},"39":{"start":{"line":101,"column":5},"end":{"line":101,"column":11}},"40":{"start":{"line":103,"column":5},"end":{"line":103,"column":9}},"41":{"start":{"line":104,"column":5},"end":{"line":104,"column":11}},"42":{"start":{"line":106,"column":5},"end":{"line":106,"column":9}},"43":{"start":{"line":107,"column":5},"end":{"line":107,"column":11}},"44":{"start":{"line":109,"column":5},"end":{"line":109,"column":9}},"45":{"start":{"line":110,"column":5},"end":{"line":110,"column":11}},"46":{"start":{"line":113,"column":3},"end":{"line":115,"column":4}},"47":{"start":{"line":114,"column":4},"end":{"line":114,"column":51}},"48":{"start":{"line":117,"column":3},"end":{"line":117,"column":27}},"49":{"start":{"line":118,"column":3},"end":{"line":118,"column":47}},"50":{"start":{"line":122,"column":3},"end":{"line":124,"column":4}},"51":{"start":{"line":123,"column":4},"end":{"line":123,"column":58}},"52":{"start":{"line":126,"column":3},"end":{"line":126,"column":44}},"53":{"start":{"line":127,"column":3},"end":{"line":127,"column":47}},"54":{"start":{"line":131,"column":3},"end":{"line":133,"column":4}},"55":{"start":{"line":132,"column":4},"end":{"line":132,"column":58}},"56":{"start":{"line":135,"column":3},"end":{"line":135,"column":44}},"57":{"start":{"line":136,"column":3},"end":{"line":136,"column":47}},"58":{"start":{"line":141,"column":0},"end":{"line":141,"column":23}}},"fnMap":{"0":{"name":"(anonymous_0)","decl":{"start":{"line":13,"column":14},"end":{"line":13,"column":15}},"loc":{"start":{"line":13,"column":45},"end":{"line":139,"column":1}},"line":13},"1":{"name":"(anonymous_1)","decl":{"start":{"line":26,"column":11},"end":{"line":26,"column":12}},"loc":{"start":{"line":26,"column":25},"end":{"line":35,"column":2}},"line":26},"2":{"name":"(anonymous_2)","decl":{"start":{"line":43,"column":8},"end":{"line":43,"column":9}},"loc":{"start":{"line":43,"column":19},"end":{"line":45,"column":3}},"line":43},"3":{"name":"(anonymous_3)","decl":{"start":{"line":47,"column":10},"end":{"line":47,"column":11}},"loc":{"start":{"line":47,"column":28},"end":{"line":54,"column":3}},"line":47},"4":{"name":"(anonymous_4)","decl":{"start":{"line":56,"column":9},"end":{"line":56,"column":10}},"loc":{"start":{"line":56,"column":27},"end":{"line":77,"column":3}},"line":56},"5":{"name":"(anonymous_5)","decl":{"start":{"line":79,"column":10},"end":{"line":79,"column":11}},"loc":{"start":{"line":79,"column":21},"end":{"line":85,"column":3}},"line":79},"6":{"name":"(anonymous_6)","decl":{"start":{"line":91,"column":8},"end":{"line":91,"column":9}},"loc":{"start":{"line":91,"column":19},"end":{"line":119,"column":3}},"line":91},"7":{"name":"(anonymous_7)","decl":{"start":{"line":121,"column":9},"end":{"line":121,"column":10}},"loc":{"start":{"line":121,"column":20},"end":{"line":128,"column":3}},"line":121},"8":{"name":"(anonymous_8)","decl":{"start":{"line":130,"column":8},"end":{"line":130,"column":9}},"loc":{"start":{"line":130,"column":19},"end":{"line":137,"column":3}},"line":130}},"branchMap":{"0":{"loc":{"start":{"line":27,"column":2},"end":{"line":29,"column":3}},"type":"if","locations":[{"start":{"line":27,"column":2},"end":{"line":29,"column":3}},{"start":{"line":27,"column":2},"end":{"line":29,"column":3}}],"line":27},"1":{"loc":{"start":{"line":50,"column":3},"end":{"line":52,"column":4}},"type":"if","locations":[{"start":{"line":50,"column":3},"end":{"line":52,"column":4}},{"start":{"line":50,"column":3},"end":{"line":52,"column":4}}],"line":50},"2":{"loc":{"start":{"line":57,"column":7},"end":{"line":57,"column":23}},"type":"binary-expr","locations":[{"start":{"line":57,"column":7},"end":{"line":57,"column":18}},{"start":{"line":57,"column":22},"end":{"line":57,"column":23}}],"line":57},"3":{"loc":{"start":{"line":58,"column":7},"end":{"line":58,"column":23}},"type":"binary-expr","locations":[{"start":{"line":58,"column":7},"end":{"line":58,"column":18}},{"start":{"line":58,"column":22},"end":{"line":58,"column":23}}],"line":58},"4":{"loc":{"start":{"line":59,"column":3},"end":{"line":61,"column":4}},"type":"if","locations":[{"start":{"line":59,"column":3},"end":{"line":61,"column":4}},{"start":{"line":59,"column":3},"end":{"line":61,"column":4}}],"line":59},"5":{"loc":{"start":{"line":59,"column":7},"end":{"line":59,"column":67}},"type":"binary-expr","locations":[{"start":{"line":59,"column":7},"end":{"line":59,"column":35}},{"start":{"line":59,"column":39},"end":{"line":59,"column":67}}],"line":59},"6":{"loc":{"start":{"line":63,"column":3},"end":{"line":68,"column":4}},"type":"if","locations":[{"start":{"line":63,"column":3},"end":{"line":68,"column":4}},{"start":{"line":63,"column":3},"end":{"line":68,"column":4}}],"line":63},"7":{"loc":{"start":{"line":64,"column":4},"end":{"line":65,"column":39}},"type":"binary-expr","locations":[{"start":{"line":64,"column":4},"end":{"line":64,"column":31}},{"start":{"line":65,"column":4},"end":{"line":65,"column":39}}],"line":64},"8":{"loc":{"start":{"line":70,"column":3},"end":{"line":72,"column":4}},"type":"if","locations":[{"start":{"line":70,"column":3},"end":{"line":72,"column":4}},{"start":{"line":70,"column":3},"end":{"line":72,"column":4}}],"line":70},"9":{"loc":{"start":{"line":80,"column":3},"end":{"line":82,"column":4}},"type":"if","locations":[{"start":{"line":80,"column":3},"end":{"line":82,"column":4}},{"start":{"line":80,"column":3},"end":{"line":82,"column":4}}],"line":80},"10":{"loc":{"start":{"line":92,"column":3},"end":{"line":94,"column":4}},"type":"if","locations":[{"start":{"line":92,"column":3},"end":{"line":94,"column":4}},{"start":{"line":92,"column":3},"end":{"line":94,"column":4}}],"line":92},"11":{"loc":{"start":{"line":98,"column":3},"end":{"line":111,"column":4}},"type":"switch","locations":[{"start":{"line":99,"column":4},"end":{"line":101,"column":11}},{"start":{"line":102,"column":4},"end":{"line":104,"column":11}},{"start":{"line":105,"column":4},"end":{"line":107,"column":11}},{"start":{"line":108,"column":4},"end":{"line":110,"column":11}}],"line":98},"12":{"loc":{"start":{"line":113,"column":3},"end":{"line":115,"column":4}},"type":"if","locations":[{"start":{"line":113,"column":3},"end":{"line":115,"column":4}},{"start":{"line":113,"column":3},"end":{"line":115,"column":4}}],"line":113},"13":{"loc":{"start":{"line":122,"column":3},"end":{"line":124,"column":4}},"type":"if","locations":[{"start":{"line":122,"column":3},"end":{"line":124,"column":4}},{"start":{"line":122,"column":3},"end":{"line":124,"column":4}}],"line":122},"14":{"loc":{"start":{"line":126,"column":12},"end":{"line":126,"column":43}},"type":"cond-expr","locations":[{"start":{"line":126,"column":29},"end":{"line":126,"column":30}},{"start":{"line":126,"column":33},"end":{"line":126,"column":43}}],"line":126},"15":{"loc":{"start":{"line":131,"column":3},"end":{"line":133,"column":4}},"type":"if","locations":[{"start":{"line":131,"column":3},"end":{"line":133,"column":4}},{"start":{"line":131,"column":3},"end":{"line":133,"column":4}}],"line":131},"16":{"loc":{"start":{"line":135,"column":12},"end":{"line":135,"column":43}},"type":"cond-expr","locations":[{"start":{"line":135,"column":29},"end":{"line":135,"column":30}},{"start":{"line":135,"column":33},"end":{"line":135,"column":43}}],"line":135}},"s":{"0":1,"1":1,"2":13,"3":13,"4":13,"5":13,"6":13,"7":13,"8":13,"9":37,"10":1,"11":36,"12":13,"13":0,"14":13,"15":13,"16":13,"17":9,"18":13,"19":13,"20":13,"21":13,"22":2,"23":11,"24":1,"25":10,"26":1,"27":9,"28":9,"29":9,"30":2,"31":1,"32":1,"33":6,"34":1,"35":5,"36":5,"37":5,"38":1,"39":1,"40":2,"41":2,"42":1,"43":1,"44":1,"45":1,"46":5,"47":1,"48":4,"49":4,"50":1,"51":1,"52":0,"53":0,"54":1,"55":1,"56":0,"57":0,"58":1},"f":{"0":13,"1":37,"2":0,"3":13,"4":13,"5":2,"6":6,"7":1,"8":1},"b":{"0":[1,36],"1":[9,4],"2":[13,1],"3":[13,1],"4":[2,11],"5":[13,12],"6":[1,10],"7":[11,11],"8":[1,9],"9":[1,1],"10":[1,5],"11":[1,2,1,1],"12":[1,4],"13":[1,0],"14":[0,0],"15":[1,0],"16":[0,0]},"_coverageSchema":"43e27e138ebf9cfc5966b082cf9a028302ed4184","hash":"36912c9533d77333fd9098d01677d00b088b258c"}
,"/Users/tyler/Projects/rea/toy-robot/app/validator.js": {"path":"/Users/tyler/Projects/rea/toy-robot/app/validator.js","statementMap":{"0":{"start":{"line":3,"column":58},"end":{"line":3,"column":64}},"1":{"start":{"line":5,"column":2},"end":{"line":5,"column":23}},"2":{"start":{"line":6,"column":2},"end":{"line":6,"column":23}},"3":{"start":{"line":7,"column":2},"end":{"line":7,"column":25}},"4":{"start":{"line":8,"column":2},"end":{"line":8,"column":25}},"5":{"start":{"line":9,"column":2},"end":{"line":9,"column":29}},"6":{"start":{"line":19,"column":2},"end":{"line":26,"column":3}},"7":{"start":{"line":25,"column":3},"end":{"line":25,"column":15}},"8":{"start":{"line":27,"column":2},"end":{"line":27,"column":15}},"9":{"start":{"line":36,"column":2},"end":{"line":36,"column":23}},"10":{"start":{"line":37,"column":2},"end":{"line":37,"column":42}},"11":{"start":{"line":46,"column":2},"end":{"line":46,"column":31}},"12":{"start":{"line":55,"column":2},"end":{"line":55,"column":33}},"13":{"start":{"line":59,"column":0},"end":{"line":59,"column":27}}},"fnMap":{"0":{"name":"(anonymous_0)","decl":{"start":{"line":2,"column":1},"end":{"line":2,"column":2}},"loc":{"start":{"line":2,"column":21},"end":{"line":10,"column":2}},"line":2},"1":{"name":"(anonymous_1)","decl":{"start":{"line":18,"column":1},"end":{"line":18,"column":2}},"loc":{"start":{"line":18,"column":17},"end":{"line":28,"column":2}},"line":18},"2":{"name":"(anonymous_2)","decl":{"start":{"line":35,"column":1},"end":{"line":35,"column":2}},"loc":{"start":{"line":35,"column":21},"end":{"line":38,"column":2}},"line":35},"3":{"name":"(anonymous_3)","decl":{"start":{"line":45,"column":1},"end":{"line":45,"column":2}},"loc":{"start":{"line":45,"column":16},"end":{"line":47,"column":2}},"line":45},"4":{"name":"(anonymous_4)","decl":{"start":{"line":54,"column":1},"end":{"line":54,"column":2}},"loc":{"start":{"line":54,"column":15},"end":{"line":56,"column":2}},"line":54}},"branchMap":{"0":{"loc":{"start":{"line":19,"column":2},"end":{"line":26,"column":3}},"type":"if","locations":[{"start":{"line":19,"column":2},"end":{"line":26,"column":3}},{"start":{"line":19,"column":2},"end":{"line":26,"column":3}}],"line":19},"1":{"loc":{"start":{"line":20,"column":3},"end":{"line":23,"column":24}},"type":"binary-expr","locations":[{"start":{"line":20,"column":3},"end":{"line":20,"column":19}},{"start":{"line":21,"column":3},"end":{"line":21,"column":24}},{"start":{"line":22,"column":3},"end":{"line":22,"column":19}},{"start":{"line":23,"column":3},"end":{"line":23,"column":24}}],"line":20}},"s":{"0":2,"1":2,"2":2,"3":2,"4":2,"5":2,"6":25,"7":17,"8":8,"9":14,"10":14,"11":27,"12":12,"13":2},"f":{"0":2,"1":25,"2":14,"3":27,"4":12},"b":{"0":[17,8],"1":[25,22,19,18]},"_coverageSchema":"43e27e138ebf9cfc5966b082cf9a028302ed4184","hash":"d8d737b84b0a1548af990d38d7215c64e027e686"}
}
