TN:
SF:/Users/tyler/Projects/rea/toy-robot/app/config.js
FN:26,(anonymous_0)
FN:43,(anonymous_1)
FN:46,(anonymous_2)
FN:51,(anonymous_3)
FN:54,(anonymous_4)
FN:57,(anonymous_5)
FN:62,(anonymous_6)
FN:65,(anonymous_7)
FN:68,(anonymous_8)
FN:71,(anonymous_9)
FNF:10
FNH:10
FNDA:2,(anonymous_0)
FNDA:2,(anonymous_1)
FNDA:4,(anonymous_2)
FNDA:8,(anonymous_3)
FNDA:6,(anonymous_4)
FNDA:2,(anonymous_5)
FNDA:2,(anonymous_6)
FNDA:4,(anonymous_7)
FNDA:4,(anonymous_8)
FNDA:13,(anonymous_9)
DA:8,3
DA:10,3
DA:16,3
DA:25,3
DA:27,2
DA:44,2
DA:47,4
DA:52,8
DA:55,6
DA:58,2
DA:63,2
DA:66,4
DA:69,4
DA:72,13
DA:76,3
LF:15
LH:15
BRF:0
BRH:0
end_of_record
TN:
SF:/Users/tyler/Projects/rea/toy-robot/app/messenger.js
FN:7,(anonymous_0)
FN:18,(anonymous_1)
FNF:2
FNH:2
FNDA:2,(anonymous_0)
FNDA:41,(anonymous_1)
DA:8,2
DA:9,2
DA:19,41
DA:20,1
DA:22,1
DA:28,40
DA:35,2
LF:7
LH:7
BRDA:18,0,0,1
BRDA:19,1,0,1
BRDA:19,1,1,40
BRF:3
BRH:3
end_of_record
TN:
SF:/Users/tyler/Projects/rea/toy-robot/app/robot.js
FN:13,(anonymous_0)
FN:26,(anonymous_1)
FN:43,(anonymous_2)
FN:47,(anonymous_3)
FN:56,(anonymous_4)
FN:79,(anonymous_5)
FN:91,(anonymous_6)
FN:121,(anonymous_7)
FN:130,(anonymous_8)
FNF:9
FNH:8
FNDA:13,(anonymous_0)
FNDA:37,(anonymous_1)
FNDA:0,(anonymous_2)
FNDA:13,(anonymous_3)
FNDA:13,(anonymous_4)
FNDA:2,(anonymous_5)
FNDA:6,(anonymous_6)
FNDA:1,(anonymous_7)
FNDA:1,(anonymous_8)
DA:1,1
DA:13,1
DA:14,13
DA:15,13
DA:16,13
DA:17,13
DA:18,13
DA:19,13
DA:26,13
DA:27,37
DA:28,1
DA:31,36
DA:42,13
DA:44,0
DA:48,13
DA:49,13
DA:50,13
DA:51,9
DA:53,13
DA:57,13
DA:58,13
DA:59,13
DA:60,2
DA:63,11
DA:67,1
DA:70,10
DA:71,1
DA:74,9
DA:75,9
DA:76,9
DA:80,2
DA:81,1
DA:84,1
DA:92,6
DA:93,1
DA:96,5
DA:97,5
DA:98,5
DA:100,1
DA:101,1
DA:103,2
DA:104,2
DA:106,1
DA:107,1
DA:109,1
DA:110,1
DA:113,5
DA:114,1
DA:117,4
DA:118,4
DA:122,1
DA:123,1
DA:126,0
DA:127,0
DA:131,1
DA:132,1
DA:135,0
DA:136,0
DA:141,1
LF:59
LH:54
BRDA:27,0,0,1
BRDA:27,0,1,36
BRDA:50,1,0,9
BRDA:50,1,1,4
BRDA:57,2,0,13
BRDA:57,2,1,1
BRDA:58,3,0,13
BRDA:58,3,1,1
BRDA:59,4,0,2
BRDA:59,4,1,11
BRDA:59,5,0,13
BRDA:59,5,1,12
BRDA:63,6,0,1
BRDA:63,6,1,10
BRDA:64,7,0,11
BRDA:64,7,1,11
BRDA:70,8,0,1
BRDA:70,8,1,9
BRDA:80,9,0,1
BRDA:80,9,1,1
BRDA:92,10,0,1
BRDA:92,10,1,5
BRDA:98,11,0,1
BRDA:98,11,1,2
BRDA:98,11,2,1
BRDA:98,11,3,1
BRDA:113,12,0,1
BRDA:113,12,1,4
BRDA:122,13,0,1
BRDA:122,13,1,0
BRDA:126,14,0,0
BRDA:126,14,1,0
BRDA:131,15,0,1
BRDA:131,15,1,0
BRDA:135,16,0,0
BRDA:135,16,1,0
BRF:36
BRH:30
end_of_record
TN:
SF:/Users/tyler/Projects/rea/toy-robot/app/validator.js
FN:2,(anonymous_0)
FN:18,(anonymous_1)
FN:35,(anonymous_2)
FN:45,(anonymous_3)
FN:54,(anonymous_4)
FNF:5
FNH:5
FNDA:2,(anonymous_0)
FNDA:25,(anonymous_1)
FNDA:14,(anonymous_2)
FNDA:27,(anonymous_3)
FNDA:12,(anonymous_4)
DA:3,2
DA:5,2
DA:6,2
DA:7,2
DA:8,2
DA:9,2
DA:19,25
DA:25,17
DA:27,8
DA:36,14
DA:37,14
DA:46,27
DA:55,12
DA:59,2
LF:14
LH:14
BRDA:19,0,0,17
BRDA:19,0,1,8
BRDA:20,1,0,25
BRDA:20,1,1,22
BRDA:20,1,2,19
BRDA:20,1,3,18
BRF:6
BRH:6
end_of_record
